<?xml version="1.0" encoding="UTF-8"?>
<!-- Generated by org.testng.reporters.JUnitReportReporter -->
<testsuite skipped="0" hostname="Lenovo" name="org.test.First" tests="3" failures="0" timestamp="26 Mar 2021 15:00:17 GMT" time="0.041" errors="0">
  <testcase name="test2" time="0.018" classname="org.test.First"/>
  <testcase name="test3" time="0.013" classname="org.test.First"/>
  <testcase name="test1" time="0.010" classname="org.test.First"/>
</testsuite> <!-- org.test.First -->
