<?xml version="1.0" encoding="UTF-8"?>
<!-- Generated by org.testng.reporters.JUnitReportReporter -->
<testsuite skipped="0" hostname="Lenovo" name="org.samp.Facebook" tests="1" failures="0" timestamp="30 Mar 2021 14:41:27 GMT" time="13.261" errors="0">
  <testcase name="test1" time="13.261" classname="org.samp.Facebook"/>
</testsuite> <!-- org.samp.Facebook -->
