<?xml version="1.0" encoding="UTF-8"?>
<!-- Generated by org.testng.reporters.JUnitReportReporter -->
<testsuite skipped="0" hostname="Lenovo" name="org.samp.A" tests="2" failures="0" timestamp="30 Mar 2021 14:41:27 GMT" time="0.054" errors="0">
  <testcase name="testA" time="0.039" classname="org.samp.A"/>
  <testcase name="testB" time="0.015" classname="org.samp.A"/>
</testsuite> <!-- org.samp.A -->
