<?xml version="1.0" encoding="UTF-8"?>
<!-- Generated by org.testng.reporters.JUnitReportReporter -->
<testsuite skipped="0" hostname="Lenovo" name="org.test.AdactinBrowser" tests="1" failures="0" timestamp="31 Mar 2021 15:04:08 GMT" time="20.470" errors="0">
  <testcase name="test" time="20.470" classname="org.test.AdactinBrowser"/>
</testsuite> <!-- org.test.AdactinBrowser -->
